<?xml version="1.0" encoding="UTF-8"?>
<!-- Generated by org.testng.reporters.JUnitReportReporter -->
<testsuite hostname="UXCPS-PC90" name="com.learnautomation.selenium.Demo1" tests="2" failures="0" timestamp="21 Oct 2016 00:55:56 GMT" time="23.335" errors="0">
  <testcase name="myTest2" time="21.272" classname="com.learnautomation.selenium.Demo1"/>
  <testcase name="myTest1" time="2.063" classname="com.learnautomation.selenium.Demo1"/>
</testsuite> <!-- com.learnautomation.selenium.Demo1 -->
